<?xml version="1.0" encoding="UTF-8"?>
<!-- Generated by org.testng.reporters.JUnitXMLReporter -->
<testsuite hostname="DESKTOP-0FJT81L" ignored="0" name="Default test(failed)" tests="4" failures="2" timestamp="30 Jun 2019 19:50:45 GMT" time="24.803" errors="0">
  <testcase name="page2headerButtonEnabledTest" time="0.009" classname="com.pob1.qa.testcases.Page2Test">
    <failure type="java.lang.NullPointerException">
      <![CDATA[java.lang.NullPointerException
at org.openqa.selenium.support.pagefactory.DefaultElementLocator.findElement(DefaultElementLocator.java:69)
at org.openqa.selenium.support.pagefactory.internal.LocatingElementHandler.invoke(LocatingElementHandler.java:38)
at com.sun.proxy.$Proxy9.isEnabled(Unknown Source)
at com.pob1.qa.pages.Page1.headerButtonEnabled(Page1.java:34)
at com.pob1.qa.testcases.Page2Test.page2headerButtonEnabledTest(Page2Test.java:43)
... Removed 25 stack frames]]>
    </failure>
  </testcase> <!-- page2headerButtonEnabledTest -->
  <testcase name="page2headerButtonDisplayedTest" time="0.002" classname="com.pob1.qa.testcases.Page2Test">
    <failure type="java.lang.NullPointerException">
      <![CDATA[java.lang.NullPointerException
at org.openqa.selenium.support.pagefactory.DefaultElementLocator.findElement(DefaultElementLocator.java:69)
at org.openqa.selenium.support.pagefactory.internal.LocatingElementHandler.invoke(LocatingElementHandler.java:38)
at com.sun.proxy.$Proxy9.isEnabled(Unknown Source)
at com.pob1.qa.pages.Page1.headerButtonEnabled(Page1.java:34)
at com.pob1.qa.testcases.Page2Test.page2headerButtonDisplayedTest(Page2Test.java:48)
... Removed 25 stack frames]]>
    </failure>
  </testcase> <!-- page2headerButtonDisplayedTest -->
  <testcase name="page2continueNextPageTest" time="0.599" classname="com.pob1.qa.testcases.Page2Test"/>
  <testcase name="page2GetTitleTest" time="0.01" classname="com.pob1.qa.testcases.Page2Test"/>
</testsuite> <!-- Default test(failed) -->
