<?xml version="1.0" encoding="UTF-8"?>
<!-- Generated by org.testng.reporters.JUnitXMLReporter -->
<testsuite hostname="DESKTOP-0FJT81L" ignored="0" name="Default test" tests="3" failures="0" timestamp="03 Jul 2019 05:11:16 GMT" time="25.767" errors="0">
  <testcase name="EnvironmentalButtonDisplayedTest" time="0.098" classname="com.pob1.qa.testcases.Page4Test"/>
  <testcase name="EnvironmentalButtonEnabledTest" time="0.044" classname="com.pob1.qa.testcases.Page4Test"/>
  <testcase name="EnvironmentalButtonNextPageTest" time="0.973" classname="com.pob1.qa.testcases.Page4Test"/>
</testsuite> <!-- Default test -->
