<?xml version="1.0" encoding="UTF-8"?>
<!-- Generated by org.testng.reporters.JUnitXMLReporter -->
<testsuite hostname="DESKTOP-0FJT81L" ignored="0" name="Test" tests="5" failures="0" timestamp="03 Jul 2019 05:31:10 GMT" time="32.35" errors="0">
  <testcase name="page2GetTitleTest" time="0.023" classname="com.pob1.qa.testcases.Page2Test"/>
  <testcase name="page2continueNextPageTest" time="0.596" classname="com.pob1.qa.testcases.Page2Test"/>
  <testcase name="page2headerButtonDisplayedTest" time="0.102" classname="com.pob1.qa.testcases.Page2Test"/>
  <testcase name="page2headerButtonEnabledTest" time="0.039" classname="com.pob1.qa.testcases.Page2Test"/>
  <testcase name="page2continueNextPageTest" time="0.583" classname="com.pob1.qa.testcases.Page3Test"/>
</testsuite> <!-- Test -->
