<?xml version="1.0" encoding="UTF-8"?>
<testng-results skipped="0" failed="0" ignored="0" total="5" passed="5">
  <reporter-output>
  </reporter-output>
  <suite name="Suite" duration-ms="32350" started-at="2019-07-03T05:30:37Z" finished-at="2019-07-03T05:31:10Z">
    <groups>
    </groups>
    <test name="Test" duration-ms="32350" started-at="2019-07-03T05:30:37Z" finished-at="2019-07-03T05:31:10Z">
      <class name="com.pob1.qa.testcases.Page2Test">
        <test-method status="PASS" signature="setUp()[pri:0, instance:com.pob1.qa.testcases.Page2Test@d8355a8]" name="setUp" is-config="true" duration-ms="6761" started-at="2019-07-03T05:30:37Z" finished-at="2019-07-03T05:30:44Z">
          <reporter-output>
          </reporter-output>
        </test-method> <!-- setUp -->
        <test-method status="PASS" signature="page2GetTitleTest()[pri:0, instance:com.pob1.qa.testcases.Page2Test@d8355a8]" name="page2GetTitleTest" duration-ms="23" started-at="2019-07-03T05:30:44Z" finished-at="2019-07-03T05:30:44Z">
          <reporter-output>
          </reporter-output>
        </test-method> <!-- page2GetTitleTest -->
        <test-method status="PASS" signature="tearDown()[pri:0, instance:com.pob1.qa.testcases.Page2Test@d8355a8]" name="tearDown" is-config="true" duration-ms="215" started-at="2019-07-03T05:30:44Z" finished-at="2019-07-03T05:30:44Z">
          <reporter-output>
          </reporter-output>
        </test-method> <!-- tearDown -->
        <test-method status="PASS" signature="setUp()[pri:0, instance:com.pob1.qa.testcases.Page2Test@d8355a8]" name="setUp" is-config="true" duration-ms="5245" started-at="2019-07-03T05:30:44Z" finished-at="2019-07-03T05:30:50Z">
          <reporter-output>
          </reporter-output>
        </test-method> <!-- setUp -->
        <test-method status="PASS" signature="page2continueNextPageTest()[pri:0, instance:com.pob1.qa.testcases.Page2Test@d8355a8]" name="page2continueNextPageTest" duration-ms="596" started-at="2019-07-03T05:30:50Z" finished-at="2019-07-03T05:30:50Z">
          <reporter-output>
          </reporter-output>
        </test-method> <!-- page2continueNextPageTest -->
        <test-method status="PASS" signature="tearDown()[pri:0, instance:com.pob1.qa.testcases.Page2Test@d8355a8]" name="tearDown" is-config="true" duration-ms="101" started-at="2019-07-03T05:30:50Z" finished-at="2019-07-03T05:30:50Z">
          <reporter-output>
          </reporter-output>
        </test-method> <!-- tearDown -->
        <test-method status="PASS" signature="setUp()[pri:0, instance:com.pob1.qa.testcases.Page2Test@d8355a8]" name="setUp" is-config="true" duration-ms="5148" started-at="2019-07-03T05:30:50Z" finished-at="2019-07-03T05:30:55Z">
          <reporter-output>
          </reporter-output>
        </test-method> <!-- setUp -->
        <test-method status="PASS" signature="page2headerButtonDisplayedTest()[pri:0, instance:com.pob1.qa.testcases.Page2Test@d8355a8]" name="page2headerButtonDisplayedTest" duration-ms="102" started-at="2019-07-03T05:30:55Z" finished-at="2019-07-03T05:30:56Z">
          <reporter-output>
          </reporter-output>
        </test-method> <!-- page2headerButtonDisplayedTest -->
        <test-method status="PASS" signature="tearDown()[pri:0, instance:com.pob1.qa.testcases.Page2Test@d8355a8]" name="tearDown" is-config="true" duration-ms="209" started-at="2019-07-03T05:30:56Z" finished-at="2019-07-03T05:30:56Z">
          <reporter-output>
          </reporter-output>
        </test-method> <!-- tearDown -->
        <test-method status="PASS" signature="setUp()[pri:0, instance:com.pob1.qa.testcases.Page2Test@d8355a8]" name="setUp" is-config="true" duration-ms="5331" started-at="2019-07-03T05:30:56Z" finished-at="2019-07-03T05:31:01Z">
          <reporter-output>
          </reporter-output>
        </test-method> <!-- setUp -->
        <test-method status="PASS" signature="page2headerButtonEnabledTest()[pri:0, instance:com.pob1.qa.testcases.Page2Test@d8355a8]" name="page2headerButtonEnabledTest" duration-ms="39" started-at="2019-07-03T05:31:01Z" finished-at="2019-07-03T05:31:01Z">
          <reporter-output>
          </reporter-output>
        </test-method> <!-- page2headerButtonEnabledTest -->
        <test-method status="PASS" signature="tearDown()[pri:0, instance:com.pob1.qa.testcases.Page2Test@d8355a8]" name="tearDown" is-config="true" duration-ms="104" started-at="2019-07-03T05:31:01Z" finished-at="2019-07-03T05:31:01Z">
          <reporter-output>
          </reporter-output>
        </test-method> <!-- tearDown -->
      </class> <!-- com.pob1.qa.testcases.Page2Test -->
      <class name="com.pob1.qa.testcases.Page3Test">
        <test-method status="PASS" signature="setUp()[pri:0, instance:com.pob1.qa.testcases.Page3Test@59fa1d9b]" name="setUp" is-config="true" duration-ms="5758" started-at="2019-07-03T05:31:01Z" finished-at="2019-07-03T05:31:07Z">
          <reporter-output>
          </reporter-output>
        </test-method> <!-- setUp -->
        <test-method status="PASS" signature="page2continueNextPageTest()[pri:0, instance:com.pob1.qa.testcases.Page3Test@59fa1d9b]" name="page2continueNextPageTest" duration-ms="583" started-at="2019-07-03T05:31:07Z" finished-at="2019-07-03T05:31:08Z">
          <reporter-output>
          </reporter-output>
        </test-method> <!-- page2continueNextPageTest -->
        <test-method status="PASS" signature="tearDown()[pri:0, instance:com.pob1.qa.testcases.Page3Test@59fa1d9b]" name="tearDown" is-config="true" duration-ms="2105" started-at="2019-07-03T05:31:08Z" finished-at="2019-07-03T05:31:10Z">
          <reporter-output>
          </reporter-output>
        </test-method> <!-- tearDown -->
      </class> <!-- com.pob1.qa.testcases.Page3Test -->
    </test> <!-- Test -->
  </suite> <!-- Suite -->
</testng-results>
